<?xml version="1.0" encoding="UTF-8"?>
<testsuite name="Cucumber" time="21.483" tests="1" skipped="0" failures="0" errors="0">
<testcase classname="createAssertMethod" name="createAssertMethod" time="20.828">
<system-out><![CDATA[
Given magento sitesine gidilir..............................................passed
And women menusu ustune gelinir.............................................passed
And tops menusu ustune gelinir..............................................passed
And jackets secilir.........................................................passed
And ilk urunde S beden secilir..............................................passed
And ilk urunde mavi renk secilir............................................passed
And add to cart butonuna basilir............................................passed
And sepet tiklanir..........................................................passed
When see details tiklanir...................................................passed
Then alinan urun dogrulanir.................................................passed
]]></system-out>
</testcase>
</testsuite>
